<?xml version="1.0" encoding="UTF-8"?>
<testng-results total="1" passed="1" failed="0" skipped="0">
  <reporter-output>
  </reporter-output>
  <suite started-at="2023-12-02T07:25:51Z" name="Surefire suite" finished-at="2023-12-02T07:25:51Z" duration-ms="51">
    <groups>
    </groups>
    <test started-at="2023-12-02T07:25:51Z" name="Surefire test" finished-at="2023-12-02T07:25:51Z" duration-ms="51">
      <class name="Insurance.testproject.AppTest">
        <test-method signature="shouldAnswerWithTrue()[pri:0, instance:shouldAnswerWithTrue(Insurance.testproject.AppTest)]" started-at="2023-12-02T12:55:51Z" name="shouldAnswerWithTrue" finished-at="2023-12-02T12:55:51Z" duration-ms="0" status="PASS">
          <reporter-output>
          </reporter-output>
        </test-method> <!-- shouldAnswerWithTrue -->
      </class> <!-- Insurance.testproject.AppTest -->
    </test> <!-- Surefire test -->
  </suite> <!-- Surefire suite -->
</testng-results>
